2024-12-16T12:54:36.534Z - ERROR: No Authorization Found: Error: Dynamic server usage: Page couldn't be rendered statically because it used `headers`. See more info here: https://nextjs.org/docs/messages/dynamic-server-error
2024-12-16T12:54:36.535Z - Database API Error: No Authorization Found: Error: Dynamic server usage: Page couldn't be rendered statically because it used `headers`. See more info here: https://nextjs.org/docs/messages/dynamic-server-error
2024-12-16T13:43:45.121Z - Current working directory: C:\Users\SerkanCakir\Desktop\ReactDers\webser
2024-12-16T13:43:45.123Z - Checking path: C:\Users\SerkanCakir\Desktop\ReactDers\webser\appSettings.json
2024-12-16T13:43:45.123Z - Found appSettings.json at: C:\Users\SerkanCakir\Desktop\ReactDers\webser\appSettings.json
2024-12-17T08:26:37.859Z - Current working directory: C:\Users\SerkanCakir\Desktop\ReactDers\webser
2024-12-17T08:26:37.859Z - Checking path: C:\Users\SerkanCakir\Desktop\ReactDers\webser\appSettings.json
2024-12-17T08:26:37.860Z - Found appSettings.json at: C:\Users\SerkanCakir\Desktop\ReactDers\webser\appSettings.json
2024-12-17T08:26:50.723Z - Current working directory: C:\Users\SerkanCakir\Desktop\ReactDers\webser
2024-12-17T08:26:50.723Z - Checking path: C:\Users\SerkanCakir\Desktop\ReactDers\webser\appSettings.json
2024-12-17T08:26:50.724Z - Found appSettings.json at: C:\Users\SerkanCakir\Desktop\ReactDers\webser\appSettings.json
2024-12-17T08:28:33.098Z - Current working directory: C:\Users\SerkanCakir\Desktop\ReactDers\webser
2024-12-17T08:28:33.099Z - Checking path: C:\Users\SerkanCakir\Desktop\ReactDers\webser\appSettings.json
2024-12-17T08:28:33.099Z - Found appSettings.json at: C:\Users\SerkanCakir\Desktop\ReactDers\webser\appSettings.json
2024-12-17T14:21:06.027Z - Current working directory: C:\Users\SerkanCakir\Desktop\ReactDers\webser
2024-12-17T14:21:06.028Z - Checking path: C:\Users\SerkanCakir\Desktop\ReactDers\webser\appSettings.json
2024-12-17T14:21:06.029Z - Found appSettings.json at: C:\Users\SerkanCakir\Desktop\ReactDers\webser\appSettings.json
2024-12-17T14:21:06.120Z - Current working directory: C:\Users\SerkanCakir\Desktop\ReactDers\webser
2024-12-17T14:21:06.120Z - Checking path: C:\Users\SerkanCakir\Desktop\ReactDers\webser\appSettings.json
2024-12-17T14:21:06.122Z - Found appSettings.json at: C:\Users\SerkanCakir\Desktop\ReactDers\webser\appSettings.json
2024-12-17T14:21:06.128Z - Current working directory: C:\Users\SerkanCakir\Desktop\ReactDers\webser
2024-12-17T14:21:06.130Z - Checking path: C:\Users\SerkanCakir\Desktop\ReactDers\webser\appSettings.json
2024-12-17T14:21:06.130Z - Found appSettings.json at: C:\Users\SerkanCakir\Desktop\ReactDers\webser\appSettings.json
2024-12-17T14:21:06.139Z - Current working directory: C:\Users\SerkanCakir\Desktop\ReactDers\webser
2024-12-17T14:21:06.140Z - Checking path: C:\Users\SerkanCakir\Desktop\ReactDers\webser\appSettings.json
2024-12-17T14:21:06.141Z - Found appSettings.json at: C:\Users\SerkanCakir\Desktop\ReactDers\webser\appSettings.json
2024-12-17T14:21:06.149Z - Current working directory: C:\Users\SerkanCakir\Desktop\ReactDers\webser
2024-12-17T14:21:06.150Z - Checking path: C:\Users\SerkanCakir\Desktop\ReactDers\webser\appSettings.json
2024-12-17T14:21:06.151Z - Found appSettings.json at: C:\Users\SerkanCakir\Desktop\ReactDers\webser\appSettings.json
2024-12-17T14:21:06.160Z - Current working directory: C:\Users\SerkanCakir\Desktop\ReactDers\webser
2024-12-17T14:21:06.162Z - Checking path: C:\Users\SerkanCakir\Desktop\ReactDers\webser\appSettings.json
2024-12-17T14:21:06.163Z - Found appSettings.json at: C:\Users\SerkanCakir\Desktop\ReactDers\webser\appSettings.json
2024-12-17T14:21:06.173Z - Current working directory: C:\Users\SerkanCakir\Desktop\ReactDers\webser
2024-12-17T14:21:06.174Z - Checking path: C:\Users\SerkanCakir\Desktop\ReactDers\webser\appSettings.json
2024-12-17T14:21:06.176Z - Found appSettings.json at: C:\Users\SerkanCakir\Desktop\ReactDers\webser\appSettings.json
2024-12-17T14:21:06.186Z - Current working directory: C:\Users\SerkanCakir\Desktop\ReactDers\webser
2024-12-17T14:21:06.187Z - Checking path: C:\Users\SerkanCakir\Desktop\ReactDers\webser\appSettings.json
2024-12-17T14:21:06.188Z - Found appSettings.json at: C:\Users\SerkanCakir\Desktop\ReactDers\webser\appSettings.json
